#
# A fatal error has been detected by the Java Runtime Environment:
#
#  EXCEPTION_ACCESS_VIOLATION (0xc0000005) at pc=0x00007ffabf143f65, pid=8988, tid=0x0000000000001364
#
# JRE version: Java(TM) SE Runtime Environment (8.0_131-b11) (build 1.8.0_131-b11)
# Java VM: Java HotSpot(TM) 64-Bit Server VM (25.131-b11 mixed mode windows-amd64 compressed oops)
# Problematic frame:
# C  [OpenAL.dll+0x23f65]
#
# Failed to write core dump. Minidumps are not enabled by default on client versions of Windows
#
# If you would like to submit a bug report, please visit:
#   http://bugreport.java.com/bugreport/crash.jsp
# The crash happened outside the Java Virtual Machine in native code.
# See problematic frame for where to report the bug.
#

---------------  T H R E A D  ---------------

Current thread (0x000000001ba21000):  JavaThread "AWT-EventQueue-0" [_thread_in_native, id=4964, stack(0x0000000029a30000,0x0000000029b30000)]

siginfo: ExceptionCode=0xc0000005, reading address 0x0000000000008b28

Registers:
RAX=0x0000000000000000, RBX=0x00000000008ebe40, RCX=0x0000000000000000, RDX=0x00000000000007ca
RSP=0x0000000029b2c6e0, RBP=0x0000000029b2c798, RSI=0x0000000001000020, RDI=0x000000000285835d
R8 =0x0000000000000001, R9 =0x00000000008ebe00, R10=0x0000000002867f48, R11=0x000000005f9dbd80
R12=0x0000000000000000, R13=0x000000001955d768, R14=0x0000000029b2c7d0, R15=0x000000001ba21000
RIP=0x00007ffabf143f65, EFLAGS=0x0000000000010287

Top of Stack: (sp=0x0000000029b2c6e0)
0x0000000029b2c6e0:   00000000199cb840 000000005f9c7895
0x0000000029b2c6f0:   000000001ba21000 000000001ba21000
0x0000000029b2c700:   000000001955d768 0000000002867f74
0x0000000029b2c710:   00000000299970a8 000000005f895353
0x0000000029b2c720:   000000001b38b920 0000000019337bf6
0x0000000029b2c730:   0000000029b2c730 000000001942a600
0x0000000029b2c740:   0000000029b2c780 000000001942bab8
0x0000000029b2c750:   0000000000000000 0000000029b2c758
0x0000000029b2c760:   0000000000000000 0000000029b2c7d0
0x0000000029b2c770:   0000000019581668 0000000000000000
0x0000000029b2c780:   000000001955d768 0000000000000000
0x0000000029b2c790:   0000000029b2c7b8 0000000029b2c818
0x0000000029b2c7a0:   0000000002857b30 000000070ae80688
0x0000000029b2c7b0:   00000000028619c0 00000000008ebe40
0x0000000029b2c7c0:   0000000002857e70 00007ffabf143f40
0x0000000029b2c7d0:   0000000000000001 0000000029b2c7d8 

Instructions: (pc=0x00007ffabf143f65)
0x00007ffabf143f45:   20 48 8b d9 48 8d 0d d0 ad 0b 00 ff 15 3a 71 05
0x00007ffabf143f55:   00 48 8b 0d f3 ac 0b 00 0f 1f 00 48 3b cb 74 2b
0x00007ffabf143f65:   48 8b 89 28 8b 00 00 48 85 c9 75 ef ba 01 a0 00
0x00007ffabf143f75:   00 e8 45 50 00 00 48 8d 0d 9e ad 0b 00 ff 15 10 


Register to memory mapping:

RAX=0x0000000000000000 is an unknown value
RBX=0x00000000008ebe40 is an unknown value
RCX=0x0000000000000000 is an unknown value
RDX=0x00000000000007ca is an unknown value
RSP=0x0000000029b2c6e0 is pointing into the stack for thread: 0x000000001ba21000
RBP=0x0000000029b2c798 is pointing into the stack for thread: 0x000000001ba21000
RSI=0x0000000001000020 is an unknown value
RDI=0x000000000285835d is at code_begin+2301 in an Interpreter codelet
invoke return entry points  [0x0000000002857a60, 0x0000000002858440]  2528 bytes
R8 =0x0000000000000001 is an unknown value
R9 =0x00000000008ebe00 is an unknown value
R10=0x0000000002867f48 is at code_begin+840 in an Interpreter codelet
method entry point (kind = native)  [0x0000000002867c00, 0x0000000002868560]  2400 bytes
R11=0x000000005f9dbd80 is an unknown value
R12=0x0000000000000000 is an unknown value
R13={method} {0x000000001955d770} 'invokePZ' '(JJ)Z' in 'org/lwjgl/system/JNI'
R14=0x0000000029b2c7d0 is pointing into the stack for thread: 0x000000001ba21000
R15=0x000000001ba21000 is a thread


Stack: [0x0000000029a30000,0x0000000029b30000],  sp=0x0000000029b2c6e0,  free space=1009k
Native frames: (J=compiled Java code, j=interpreted, Vv=VM code, C=native code)
C  [OpenAL.dll+0x23f65]
C  0x0000000002867f74

Java frames: (J=compiled Java code, j=interpreted, Vv=VM code)
j  org.lwjgl.system.JNI.invokePZ(JJ)Z+0
j  org.lwjgl.openal.ALC10.alcCloseDevice(J)Z+20
j  en.lib.sounds.AudioMaster.cleanUp()V+75
j  nl.fl.main.MainFL.quit()V+0
j  nl.fl.panels.DrawPanel.draw(Ljava/awt/Graphics2D;)V+177
j  en.lib.setup.Panel.paintComponent(Ljava/awt/Graphics;)V+5
j  javax.swing.JComponent.paint(Ljava/awt/Graphics;)V+286
j  javax.swing.JComponent.paintChildren(Ljava/awt/Graphics;)V+501
j  javax.swing.JComponent.paint(Ljava/awt/Graphics;)V+318
j  javax.swing.JComponent.paintChildren(Ljava/awt/Graphics;)V+501
j  javax.swing.JComponent.paint(Ljava/awt/Graphics;)V+318
j  javax.swing.JLayeredPane.paint(Ljava/awt/Graphics;)V+73
j  javax.swing.JComponent.paintChildren(Ljava/awt/Graphics;)V+501
j  javax.swing.JComponent.paintToOffscreen(Ljava/awt/Graphics;IIIIII)V+72
j  javax.swing.RepaintManager$PaintManager.paintDoubleBuffered(Ljavax/swing/JComponent;Ljava/awt/Image;Ljava/awt/Graphics;IIII)V+163
j  javax.swing.RepaintManager$PaintManager.paint(Ljavax/swing/JComponent;Ljavax/swing/JComponent;Ljava/awt/Graphics;IIII)Z+116
j  javax.swing.RepaintManager.paint(Ljavax/swing/JComponent;Ljavax/swing/JComponent;Ljava/awt/Graphics;IIII)V+51
j  javax.swing.JComponent.paint(Ljava/awt/Graphics;)V+221
j  java.awt.GraphicsCallback$PaintCallback.run(Ljava/awt/Component;Ljava/awt/Graphics;)V+2
j  sun.awt.SunGraphicsCallback.runOneComponent(Ljava/awt/Component;Ljava/awt/Rectangle;Ljava/awt/Graphics;Ljava/awt/Shape;I)V+155
j  sun.awt.SunGraphicsCallback.runComponents([Ljava/awt/Component;Ljava/awt/Graphics;I)V+194
j  java.awt.Container.paint(Ljava/awt/Graphics;)V+58
j  java.awt.Window.paint(Ljava/awt/Graphics;)V+68
j  javax.swing.RepaintManager$4.run()Ljava/lang/Void;+142
j  javax.swing.RepaintManager$4.run()Ljava/lang/Object;+1
v  ~StubRoutines::call_stub
j  java.security.AccessController.doPrivileged(Ljava/security/PrivilegedAction;Ljava/security/AccessControlContext;)Ljava/lang/Object;+0
j  java.security.ProtectionDomain$JavaSecurityAccessImpl.doIntersectionPrivilege(Ljava/security/PrivilegedAction;Ljava/security/AccessControlContext;Ljava/security/AccessControlContext;)Ljava/lang/Object;+18
j  javax.swing.RepaintManager.paintDirtyRegions(Ljava/util/Map;)V+154
j  javax.swing.RepaintManager.paintDirtyRegions()V+46
j  javax.swing.RepaintManager.prePaintDirtyRegions()V+73
j  javax.swing.RepaintManager.access$1200(Ljavax/swing/RepaintManager;)V+1
j  javax.swing.RepaintManager$ProcessingRunnable.run()V+37
j  java.awt.event.InvocationEvent.dispatch()V+47
j  java.awt.EventQueue.dispatchEventImpl(Ljava/awt/AWTEvent;Ljava/lang/Object;)V+21
j  java.awt.EventQueue.access$500(Ljava/awt/EventQueue;Ljava/awt/AWTEvent;Ljava/lang/Object;)V+3
j  java.awt.EventQueue$3.run()Ljava/lang/Void;+32
j  java.awt.EventQueue$3.run()Ljava/lang/Object;+1
v  ~StubRoutines::call_stub
j  java.security.AccessController.doPrivileged(Ljava/security/PrivilegedAction;Ljava/security/AccessControlContext;)Ljava/lang/Object;+0
j  java.security.ProtectionDomain$JavaSecurityAccessImpl.doIntersectionPrivilege(Ljava/security/PrivilegedAction;Ljava/security/AccessControlContext;Ljava/security/AccessControlContext;)Ljava/lang/Object;+18
j  java.awt.EventQueue.dispatchEvent(Ljava/awt/AWTEvent;)V+46
j  java.awt.EventDispatchThread.pumpOneEventForFilters(I)V+245
j  java.awt.EventDispatchThread.pumpEventsForFilter(ILjava/awt/Conditional;Ljava/awt/EventFilter;)V+35
j  java.awt.EventDispatchThread.pumpEventsForHierarchy(ILjava/awt/Conditional;Ljava/awt/Component;)V+11
j  java.awt.EventDispatchThread.pumpEvents(ILjava/awt/Conditional;)V+4
j  java.awt.EventDispatchThread.pumpEvents(Ljava/awt/Conditional;)V+3
j  java.awt.EventDispatchThread.run()V+9
v  ~StubRoutines::call_stub

---------------  P R O C E S S  ---------------

Java Threads: ( => current thread )
  0x000000001c007800 JavaThread "Thread-0" daemon [_thread_in_native, id=216, stack(0x000000002c370000,0x000000002c470000)]
  0x000000000284e000 JavaThread "DestroyJavaVM" [_thread_blocked, id=3052, stack(0x0000000002580000,0x0000000002680000)]
  0x000000001bab8800 JavaThread "Thread-3" [_thread_in_native, id=5844, stack(0x000000002a930000,0x000000002aa30000)]
  0x000000001ba27000 JavaThread "Thread-1" [_thread_blocked, id=3948, stack(0x0000000029c30000,0x0000000029d30000)]
=>0x000000001ba21000 JavaThread "AWT-EventQueue-0" [_thread_in_native, id=4964, stack(0x0000000029a30000,0x0000000029b30000)]
  0x000000001b9a7000 JavaThread "AWT-Windows" daemon [_thread_in_native, id=7164, stack(0x000000001d490000,0x000000001d590000)]
  0x000000001b99b000 JavaThread "AWT-Shutdown" [_thread_blocked, id=12680, stack(0x000000001d390000,0x000000001d490000)]
  0x000000001b99a800 JavaThread "Java2D Disposer" daemon [_thread_blocked, id=13988, stack(0x000000001d290000,0x000000001d390000)]
  0x000000001b350800 JavaThread "Service Thread" daemon [_thread_blocked, id=7976, stack(0x000000001b720000,0x000000001b820000)]
  0x00000000199c3800 JavaThread "C1 CompilerThread2" daemon [_thread_blocked, id=992, stack(0x000000001b220000,0x000000001b320000)]
  0x00000000199bb800 JavaThread "C2 CompilerThread1" daemon [_thread_blocked, id=9508, stack(0x000000001b120000,0x000000001b220000)]
  0x00000000199c9800 JavaThread "C2 CompilerThread0" daemon [_thread_blocked, id=10936, stack(0x000000001b020000,0x000000001b120000)]
  0x00000000199c8800 JavaThread "Attach Listener" daemon [_thread_blocked, id=5836, stack(0x000000001af20000,0x000000001b020000)]
  0x00000000199c7800 JavaThread "Signal Dispatcher" daemon [_thread_blocked, id=5808, stack(0x000000001ae20000,0x000000001af20000)]
  0x00000000199aa800 JavaThread "Finalizer" daemon [_thread_blocked, id=14256, stack(0x000000001ac10000,0x000000001ad10000)]
  0x00000000027a2000 JavaThread "Reference Handler" daemon [_thread_blocked, id=10972, stack(0x000000001ab10000,0x000000001ac10000)]

Other Threads:
  0x0000000019986800 VMThread [stack: 0x000000001aa10000,0x000000001ab10000] [id=8876]
  0x000000001b387800 WatcherThread [stack: 0x000000001b820000,0x000000001b920000] [id=12432]

VM state:not at safepoint (normal execution)

VM Mutex/Monitor currently owned by a thread: None

Heap:
 PSYoungGen      total 934912K, used 718500K [0x0000000780000000, 0x00000007be580000, 0x00000007c0000000)
  eden space 918016K, 76% used [0x0000000780000000,0x00000007aad8f0c8,0x00000007b8080000)
  from space 16896K, 97% used [0x00000007ba500000,0x00000007bb51a020,0x00000007bb580000)
  to   space 49152K, 0% used [0x00000007bb580000,0x00000007bb580000,0x00000007be580000)
 ParOldGen       total 699392K, used 221711K [0x0000000700000000, 0x000000072ab00000, 0x0000000780000000)
  object space 699392K, 31% used [0x0000000700000000,0x000000070d883e30,0x000000072ab00000)
 Metaspace       used 11576K, capacity 11810K, committed 12032K, reserved 1060864K
  class space    used 1319K, capacity 1420K, committed 1536K, reserved 1048576K

Card table byte_map: [0x0000000011c10000,0x0000000012220000] byte_map_base: 0x000000000e410000

Marking Bits: (ParMarkBitMap*) 0x000000005ffcc720
 Begin Bits: [0x0000000012a20000, 0x0000000015a20000)
 End Bits:   [0x0000000015a20000, 0x0000000018a20000)

Polling page: 0x0000000000820000

CodeCache: size=245760Kb used=4273Kb max_used=4273Kb free=241486Kb
 bounds [0x0000000002850000, 0x0000000002c80000, 0x0000000011850000]
 total_blobs=2032 nmethods=1132 adapters=813
 compilation: enabled

Compilation events (10 events):
Event: 9.496 Thread 0x00000000199c3800 1129   !   3       sun.java2d.pipe.DrawImage::renderImageCopy (147 bytes)
Event: 9.497 Thread 0x00000000199c3800 nmethod 1129 0x0000000002c7b2d0 code [0x0000000002c7b4e0, 0x0000000002c7c438]
Event: 9.497 Thread 0x00000000199c3800 1130       3       sun.java2d.SurfaceData::getSourceSurfaceData (110 bytes)
Event: 9.497 Thread 0x00000000199c3800 nmethod 1130 0x0000000002c7ca10 code [0x0000000002c7cc00, 0x0000000002c7d818]
Event: 9.497 Thread 0x00000000199c3800 1131       3       java.awt.Image::getAccelerationPriority (5 bytes)
Event: 9.497 Thread 0x00000000199c3800 nmethod 1131 0x0000000002c78650 code [0x0000000002c787a0, 0x0000000002c788f0]
Event: 9.498 Thread 0x00000000199c3800 1132       3       sun.java2d.pipe.DrawImage::blitSurfaceData (145 bytes)
Event: 9.498 Thread 0x00000000199c3800 nmethod 1132 0x0000000002c7dc50 code [0x0000000002c7de80, 0x0000000002c7f078]
Event: 10.973 Thread 0x00000000199c3800 1133       1       sun.java2d.SurfaceData::isSurfaceLost (5 bytes)
Event: 10.973 Thread 0x00000000199c3800 nmethod 1133 0x0000000002c7f850 code [0x0000000002c7f9a0, 0x0000000002c7fab0]

GC Heap History (10 events):
Event: 2.571 GC heap before
{Heap before GC invocations=3 (full 0):
 PSYoungGen      total 567808K, used 567197K [0x0000000780000000, 0x00000007a5500000, 0x00000007c0000000)
  eden space 524288K, 99% used [0x0000000780000000,0x000000079ff6a580,0x00000007a0000000)
  from space 43520K, 99% used [0x00000007a2a80000,0x00000007a54fd050,0x00000007a5500000)
  to   space 43520K, 0% used [0x00000007a0000000,0x00000007a0000000,0x00000007a2a80000)
 ParOldGen       total 699392K, used 56724K [0x0000000700000000, 0x000000072ab00000, 0x0000000780000000)
  object space 699392K, 8% used [0x0000000700000000,0x0000000703765070,0x000000072ab00000)
 Metaspace       used 11485K, capacity 11746K, committed 12032K, reserved 1060864K
  class space    used 1319K, capacity 1420K, committed 1536K, reserved 1048576K
Event: 2.584 GC heap after
Heap after GC invocations=3 (full 0):
 PSYoungGen      total 567808K, used 43508K [0x0000000780000000, 0x00000007c0000000, 0x00000007c0000000)
  eden space 524288K, 0% used [0x0000000780000000,0x0000000780000000,0x00000007a0000000)
  from space 43520K, 99% used [0x00000007a0000000,0x00000007a2a7d070,0x00000007a2a80000)
  to   space 43520K, 0% used [0x00000007bd580000,0x00000007bd580000,0x00000007c0000000)
 ParOldGen       total 699392K, used 81032K [0x0000000700000000, 0x000000072ab00000, 0x0000000780000000)
  object space 699392K, 11% used [0x0000000700000000,0x0000000704f220a0,0x000000072ab00000)
 Metaspace       used 11485K, capacity 11746K, committed 12032K, reserved 1060864K
  class space    used 1319K, capacity 1420K, committed 1536K, reserved 1048576K
}
Event: 3.625 GC heap before
{Heap before GC invocations=4 (full 0):
 PSYoungGen      total 567808K, used 561398K [0x0000000780000000, 0x00000007c0000000, 0x00000007c0000000)
  eden space 524288K, 98% used [0x0000000780000000,0x000000079f9c08b0,0x00000007a0000000)
  from space 43520K, 99% used [0x00000007a0000000,0x00000007a2a7d070,0x00000007a2a80000)
  to   space 43520K, 0% used [0x00000007bd580000,0x00000007bd580000,0x00000007c0000000)
 ParOldGen       total 699392K, used 81032K [0x0000000700000000, 0x000000072ab00000, 0x0000000780000000)
  object space 699392K, 11% used [0x0000000700000000,0x0000000704f220a0,0x000000072ab00000)
 Metaspace       used 11495K, capacity 11746K, committed 12032K, reserved 1060864K
  class space    used 1319K, capacity 1420K, committed 1536K, reserved 1048576K
Event: 3.636 GC heap after
Heap after GC invocations=4 (full 0):
 PSYoungGen      total 1005056K, used 43508K [0x0000000780000000, 0x00000007c0000000, 0x00000007c0000000)
  eden space 961536K, 0% used [0x0000000780000000,0x0000000780000000,0x00000007bab00000)
  from space 43520K, 99% used [0x00000007bd580000,0x00000007bfffd070,0x00000007c0000000)
  to   space 43520K, 0% used [0x00000007bab00000,0x00000007bab00000,0x00000007bd580000)
 ParOldGen       total 699392K, used 105340K [0x0000000700000000, 0x000000072ab00000, 0x0000000780000000)
  object space 699392K, 15% used [0x0000000700000000,0x00000007066df0d0,0x000000072ab00000)
 Metaspace       used 11495K, capacity 11746K, committed 12032K, reserved 1060864K
  class space    used 1319K, capacity 1420K, committed 1536K, reserved 1048576K
}
Event: 5.682 GC heap before
{Heap before GC invocations=5 (full 0):
 PSYoungGen      total 1005056K, used 1001346K [0x0000000780000000, 0x00000007c0000000, 0x00000007c0000000)
  eden space 961536K, 99% used [0x0000000780000000,0x00000007ba7638f8,0x00000007bab00000)
  from space 43520K, 99% used [0x00000007bd580000,0x00000007bfffd070,0x00000007c0000000)
  to   space 43520K, 0% used [0x00000007bab00000,0x00000007bab00000,0x00000007bd580000)
 ParOldGen       total 699392K, used 105340K [0x0000000700000000, 0x000000072ab00000, 0x0000000780000000)
  object space 699392K, 15% used [0x0000000700000000,0x00000007066df0d0,0x000000072ab00000)
 Metaspace       used 11543K, capacity 11810K, committed 12032K, reserved 1060864K
  class space    used 1319K, capacity 1420K, committed 1536K, reserved 1048576K
Event: 5.696 GC heap after
Heap after GC invocations=5 (full 0):
 PSYoungGen      total 997376K, used 35488K [0x0000000780000000, 0x00000007c0000000, 0x00000007c0000000)
  eden space 961536K, 0% used [0x0000000780000000,0x0000000780000000,0x00000007bab00000)
  from space 35840K, 99% used [0x00000007bab00000,0x00000007bcda8070,0x00000007bce00000)
  to   space 46080K, 0% used [0x00000007bd300000,0x00000007bd300000,0x00000007c0000000)
 ParOldGen       total 699392K, used 153948K [0x0000000700000000, 0x000000072ab00000, 0x0000000780000000)
  object space 699392K, 22% used [0x0000000700000000,0x0000000709657130,0x000000072ab00000)
 Metaspace       used 11543K, capacity 11810K, committed 12032K, reserved 1060864K
  class space    used 1319K, capacity 1420K, committed 1536K, reserved 1048576K
}
Event: 7.707 GC heap before
{Heap before GC invocations=6 (full 0):
 PSYoungGen      total 997376K, used 990002K [0x0000000780000000, 0x00000007c0000000, 0x00000007c0000000)
  eden space 961536K, 99% used [0x0000000780000000,0x00000007ba4247a0,0x00000007bab00000)
  from space 35840K, 99% used [0x00000007bab00000,0x00000007bcda8070,0x00000007bce00000)
  to   space 46080K, 0% used [0x00000007bd300000,0x00000007bd300000,0x00000007c0000000)
 ParOldGen       total 699392K, used 153948K [0x0000000700000000, 0x000000072ab00000, 0x0000000780000000)
  object space 699392K, 22% used [0x0000000700000000,0x0000000709657130,0x000000072ab00000)
 Metaspace       used 11559K, capacity 11810K, committed 12032K, reserved 1060864K
  class space    used 1319K, capacity 1420K, committed 1536K, reserved 1048576K
Event: 7.716 GC heap after
Heap after GC invocations=6 (full 0):
 PSYoungGen      total 1001472K, used 43684K [0x0000000780000000, 0x00000007c0000000, 0x00000007c0000000)
  eden space 955392K, 0% used [0x0000000780000000,0x0000000780000000,0x00000007ba500000)
  from space 46080K, 94% used [0x00000007bd300000,0x00000007bfda9060,0x00000007c0000000)
  to   space 46592K, 0% used [0x00000007ba500000,0x00000007ba500000,0x00000007bd280000)
 ParOldGen       total 699392K, used 170156K [0x0000000700000000, 0x000000072ab00000, 0x0000000780000000)
  object space 699392K, 24% used [0x0000000700000000,0x000000070a62b150,0x000000072ab00000)
 Metaspace       used 11559K, capacity 11810K, committed 12032K, reserved 1060864K
  class space    used 1319K, capacity 1420K, committed 1536K, reserved 1048576K
}
Event: 9.676 GC heap before
{Heap before GC invocations=7 (full 0):
 PSYoungGen      total 1001472K, used 995581K [0x0000000780000000, 0x00000007c0000000, 0x00000007c0000000)
  eden space 955392K, 99% used [0x0000000780000000,0x00000007ba1964f0,0x00000007ba500000)
  from space 46080K, 94% used [0x00000007bd300000,0x00000007bfda9060,0x00000007c0000000)
  to   space 46592K, 0% used [0x00000007ba500000,0x00000007ba500000,0x00000007bd280000)
 ParOldGen       total 699392K, used 170156K [0x0000000700000000, 0x000000072ab00000, 0x0000000780000000)
  object space 699392K, 24% used [0x0000000700000000,0x000000070a62b150,0x000000072ab00000)
 Metaspace       used 11571K, capacity 11810K, committed 12032K, reserved 1060864K
  class space    used 1319K, capacity 1420K, committed 1536K, reserved 1048576K
Event: 9.689 GC heap after
Heap after GC invocations=7 (full 0):
 PSYoungGen      total 934912K, used 16488K [0x0000000780000000, 0x00000007be580000, 0x00000007c0000000)
  eden space 918016K, 0% used [0x0000000780000000,0x0000000780000000,0x00000007b8080000)
  from space 16896K, 97% used [0x00000007ba500000,0x00000007bb51a020,0x00000007bb580000)
  to   space 49152K, 0% used [0x00000007bb580000,0x00000007bb580000,0x00000007be580000)
 ParOldGen       total 699392K, used 221711K [0x0000000700000000, 0x000000072ab00000, 0x0000000780000000)
  object space 699392K, 31% used [0x0000000700000000,0x000000070d883e30,0x000000072ab00000)
 Metaspace       used 11571K, capacity 11810K, committed 12032K, reserved 1060864K
  class space    used 1319K, capacity 1420K, committed 1536K, reserved 1048576K
}

Deoptimization events (8 events):
Event: 0.558 Thread 0x000000000284e000 Uncommon trap: reason=unstable_if action=reinterpret pc=0x0000000002ac05f8 method=java.awt.MultipleGradientPaintContext.getRaster(IIII)Ljava/awt/image/Raster; @ 8
Event: 1.083 Thread 0x000000001ba21000 Uncommon trap: reason=class_check action=maybe_recompile pc=0x0000000002b7f184 method=java.util.HashMap.putVal(ILjava/lang/Object;Ljava/lang/Object;ZZ)Ljava/lang/Object; @ 203
Event: 1.083 Thread 0x000000001ba21000 Uncommon trap: reason=class_check action=maybe_recompile pc=0x0000000002b7f184 method=java.util.HashMap.putVal(ILjava/lang/Object;Ljava/lang/Object;ZZ)Ljava/lang/Object; @ 203
Event: 1.083 Thread 0x000000001ba21000 Uncommon trap: reason=class_check action=maybe_recompile pc=0x0000000002b7f184 method=java.util.HashMap.putVal(ILjava/lang/Object;Ljava/lang/Object;ZZ)Ljava/lang/Object; @ 203
Event: 1.083 Thread 0x000000001ba21000 Uncommon trap: reason=class_check action=maybe_recompile pc=0x0000000002b7f184 method=java.util.HashMap.putVal(ILjava/lang/Object;Ljava/lang/Object;ZZ)Ljava/lang/Object; @ 203
Event: 1.085 Thread 0x000000001ba21000 Uncommon trap: reason=unstable_if action=reinterpret pc=0x0000000002b19250 method=java.lang.CharacterData.of(I)Ljava/lang/CharacterData; @ 4
Event: 1.098 Thread 0x000000001ba21000 Uncommon trap: reason=unstable_if action=reinterpret pc=0x0000000002bc7dbc method=java.lang.Character.isSurrogate(C)Z @ 3
Event: 1.098 Thread 0x000000001ba21000 Uncommon trap: reason=unstable_if action=reinterpret pc=0x0000000002ad6730 method=java.lang.Character.isSurrogate(C)Z @ 3

Internal exceptions (10 events):
Event: 0.095 Thread 0x000000000284e000 Exception <a 'java/lang/NoSuchMethodError': java.lang.Object.lambda$static$0(Ljava/lang/String;)Ljava/lang/Boolean;> (0x000000078014c2a8) thrown at [C:\re\workspace\8-2-build-windows-amd64-cygwin\jdk8u131\8869\hotspot\src\share\vm\interpreter\linkResolver
Event: 0.105 Thread 0x000000000284e000 Exception <a 'java/lang/NoSuchFieldError': method resolution failed> (0x00000007801c40c0) thrown at [C:\re\workspace\8-2-build-windows-amd64-cygwin\jdk8u131\8869\hotspot\src\share\vm\prims\methodHandles.cpp, line 1146]
Event: 0.106 Thread 0x000000000284e000 Exception <a 'java/lang/NoSuchFieldError': method resolution failed> (0x00000007801d14c0) thrown at [C:\re\workspace\8-2-build-windows-amd64-cygwin\jdk8u131\8869\hotspot\src\share\vm\prims\methodHandles.cpp, line 1146]
Event: 0.144 Thread 0x000000000284e000 Exception <a 'java/security/PrivilegedActionException'> (0x0000000780330848) thrown at [C:\re\workspace\8-2-build-windows-amd64-cygwin\jdk8u131\8869\hotspot\src\share\vm\prims\jvm.cpp, line 1390]
Event: 0.144 Thread 0x000000000284e000 Exception <a 'java/security/PrivilegedActionException'> (0x0000000780330a58) thrown at [C:\re\workspace\8-2-build-windows-amd64-cygwin\jdk8u131\8869\hotspot\src\share\vm\prims\jvm.cpp, line 1390]
Event: 0.144 Thread 0x000000000284e000 Exception <a 'java/security/PrivilegedActionException'> (0x0000000780334968) thrown at [C:\re\workspace\8-2-build-windows-amd64-cygwin\jdk8u131\8869\hotspot\src\share\vm\prims\jvm.cpp, line 1390]
Event: 0.144 Thread 0x000000000284e000 Exception <a 'java/security/PrivilegedActionException'> (0x0000000780334b78) thrown at [C:\re\workspace\8-2-build-windows-amd64-cygwin\jdk8u131\8869\hotspot\src\share\vm\prims\jvm.cpp, line 1390]
Event: 0.312 Thread 0x000000000284e000 Exception <a 'java/io/FileNotFoundException'> (0x0000000780a410f0) thrown at [C:\re\workspace\8-2-build-windows-amd64-cygwin\jdk8u131\8869\hotspot\src\share\vm\prims\jni.cpp, line 709]
Event: 0.324 Thread 0x000000000284e000 Exception <a 'java/io/FileNotFoundException'> (0x0000000780a57450) thrown at [C:\re\workspace\8-2-build-windows-amd64-cygwin\jdk8u131\8869\hotspot\src\share\vm\prims\jni.cpp, line 709]
Event: 0.558 Thread 0x000000000284e000 Implicit null exception at 0x0000000002ac0105 to 0x0000000002ac05d9

Events (10 events):
Event: 3.625 Executing VM operation: ParallelGCFailedAllocation
Event: 3.636 Executing VM operation: ParallelGCFailedAllocation done
Event: 4.085 Executing VM operation: EnableBiasedLocking
Event: 4.085 Executing VM operation: EnableBiasedLocking done
Event: 5.681 Executing VM operation: ParallelGCFailedAllocation
Event: 5.696 Executing VM operation: ParallelGCFailedAllocation done
Event: 7.707 Executing VM operation: ParallelGCFailedAllocation
Event: 7.716 Executing VM operation: ParallelGCFailedAllocation done
Event: 9.676 Executing VM operation: ParallelGCFailedAllocation
Event: 9.689 Executing VM operation: ParallelGCFailedAllocation done


Dynamic libraries:
0x00007ff6d37d0000 - 0x00007ff6d3807000 	C:\Program Files\Java\jdk1.8.0_131\bin\javaw.exe
0x00007ffacc8a0000 - 0x00007ffacca81000 	C:\WINDOWS\SYSTEM32\ntdll.dll
0x00007ffaca630000 - 0x00007ffaca6e2000 	C:\WINDOWS\System32\KERNEL32.DLL
0x00007ffac9910000 - 0x00007ffac9b83000 	C:\WINDOWS\System32\KERNELBASE.dll
0x00007ffaca6f0000 - 0x00007ffaca791000 	C:\WINDOWS\System32\ADVAPI32.dll
0x00007ffacc430000 - 0x00007ffacc4ce000 	C:\WINDOWS\System32\msvcrt.dll
0x00007ffac9d30000 - 0x00007ffac9d8b000 	C:\WINDOWS\System32\sechost.dll
0x00007ffaca420000 - 0x00007ffaca544000 	C:\WINDOWS\System32\RPCRT4.dll
0x00007ffacc540000 - 0x00007ffacc6d0000 	C:\WINDOWS\System32\USER32.dll
0x00007ffac98f0000 - 0x00007ffac9910000 	C:\WINDOWS\System32\win32u.dll
0x00007ffacc7d0000 - 0x00007ffacc7f8000 	C:\WINDOWS\System32\GDI32.dll
0x00007ffac9b90000 - 0x00007ffac9d22000 	C:\WINDOWS\System32\gdi32full.dll
0x00007ffac9430000 - 0x00007ffac94cf000 	C:\WINDOWS\System32\msvcp_win.dll
0x00007ffac9600000 - 0x00007ffac96fa000 	C:\WINDOWS\System32\ucrtbase.dll
0x00007ffabb300000 - 0x00007ffabb569000 	C:\WINDOWS\WinSxS\amd64_microsoft.windows.common-controls_6595b64144ccf1df_6.0.17134.407_none_fb449d63306391e9\COMCTL32.dll
0x00007ffac9ef0000 - 0x00007ffaca212000 	C:\WINDOWS\System32\combase.dll
0x00007ffac9520000 - 0x00007ffac959a000 	C:\WINDOWS\System32\bcryptPrimitives.dll
0x00007ffaca550000 - 0x00007ffaca57d000 	C:\WINDOWS\System32\IMM32.DLL
0x000000005f510000 - 0x000000005f5e2000 	C:\Program Files\Java\jdk1.8.0_131\jre\bin\msvcr100.dll
0x000000005f7b0000 - 0x000000006004c000 	C:\Program Files\Java\jdk1.8.0_131\jre\bin\server\jvm.dll
0x00007ffacc860000 - 0x00007ffacc868000 	C:\WINDOWS\System32\PSAPI.DLL
0x00007ffac4b70000 - 0x00007ffac4b79000 	C:\WINDOWS\SYSTEM32\WSOCK32.dll
0x00007ffacc4d0000 - 0x00007ffacc53c000 	C:\WINDOWS\System32\WS2_32.dll
0x00007ffac3e50000 - 0x00007ffac3e5a000 	C:\WINDOWS\SYSTEM32\VERSION.dll
0x00007ffac6910000 - 0x00007ffac6933000 	C:\WINDOWS\SYSTEM32\WINMM.dll
0x00007ffac68d0000 - 0x00007ffac68fa000 	C:\WINDOWS\SYSTEM32\WINMMBASE.dll
0x00007ffac94d0000 - 0x00007ffac9519000 	C:\WINDOWS\System32\cfgmgr32.dll
0x000000005f6c0000 - 0x000000005f6cf000 	C:\Program Files\Java\jdk1.8.0_131\jre\bin\verify.dll
0x000000005f690000 - 0x000000005f6b9000 	C:\Program Files\Java\jdk1.8.0_131\jre\bin\java.dll
0x000000005f670000 - 0x000000005f686000 	C:\Program Files\Java\jdk1.8.0_131\jre\bin\zip.dll
0x00007ffaca9d0000 - 0x00007ffacbe0f000 	C:\WINDOWS\System32\SHELL32.dll
0x00007ffaca580000 - 0x00007ffaca629000 	C:\WINDOWS\System32\shcore.dll
0x00007ffac8c70000 - 0x00007ffac937d000 	C:\WINDOWS\System32\windows.storage.dll
0x00007ffacc330000 - 0x00007ffacc381000 	C:\WINDOWS\System32\shlwapi.dll
0x00007ffac8c30000 - 0x00007ffac8c41000 	C:\WINDOWS\System32\kernel.appcore.dll
0x00007ffac8c50000 - 0x00007ffac8c6f000 	C:\WINDOWS\System32\profapi.dll
0x00007ffac8bc0000 - 0x00007ffac8c0c000 	C:\WINDOWS\System32\powrprof.dll
0x00007ffac8bb0000 - 0x00007ffac8bba000 	C:\WINDOWS\System32\FLTLIB.DLL
0x000000005f650000 - 0x000000005f66a000 	C:\Program Files\Java\jdk1.8.0_131\jre\bin\net.dll
0x00007ffac8430000 - 0x00007ffac8496000 	C:\WINDOWS\system32\mswsock.dll
0x000000005f630000 - 0x000000005f641000 	C:\Program Files\Java\jdk1.8.0_131\jre\bin\nio.dll
0x00007ffac1b90000 - 0x00007ffac1bf1000 	C:\Users\Gebruiker\AppData\Local\Temp\lwjglGebruiker\3.2.0-build-12\lwjgl.dll
0x00007ffabf120000 - 0x00007ffabf210000 	C:\Users\GEBRUI~1\AppData\Local\Temp\lwjglGebruiker\3.2.0-build-12\OpenAL.dll
0x00007ffac9d90000 - 0x00007ffac9ee1000 	C:\WINDOWS\System32\ole32.dll
0x00007ffac7270000 - 0x00007ffac7308000 	C:\WINDOWS\system32\uxtheme.dll
0x00007ffacc390000 - 0x00007ffacc430000 	C:\WINDOWS\System32\clbcatq.dll
0x00007ffac5680000 - 0x00007ffac5834000 	C:\WINDOWS\System32\PROPSYS.dll
0x00007ffacbe10000 - 0x00007ffacbed2000 	C:\WINDOWS\System32\OLEAUT32.dll
0x00007ffabfbc0000 - 0x00007ffabfc36000 	C:\WINDOWS\System32\MMDevApi.dll
0x00007ffac89c0000 - 0x00007ffac89e7000 	C:\WINDOWS\System32\DEVOBJ.dll
0x00007ffa9c230000 - 0x00007ffa9c35c000 	C:\WINDOWS\SYSTEM32\AUDIOSES.DLL
0x00007ffac4610000 - 0x00007ffac475d000 	C:\WINDOWS\SYSTEM32\wintypes.dll
0x00007ffac4da0000 - 0x00007ffac4daa000 	C:\WINDOWS\SYSTEM32\AVRT.dll
0x000000005f370000 - 0x000000005f508000 	C:\Program Files\Java\jdk1.8.0_131\jre\bin\awt.dll
0x00007ffac6f60000 - 0x00007ffac6feb000 	C:\WINDOWS\SYSTEM32\apphelp.dll
0x00007ffac7340000 - 0x00007ffac7369000 	C:\WINDOWS\system32\DWMAPI.DLL
0x00007ffabae50000 - 0x00007ffabaf70000 	C:\WINDOWS\system32\opengl32.dll
0x00007ffac3350000 - 0x00007ffac337c000 	C:\WINDOWS\SYSTEM32\GLU32.dll
0x00007ffaca7a0000 - 0x00007ffaca913000 	C:\WINDOWS\System32\MSCTF.dll
0x00007ffac0c20000 - 0x00007ffac0db7000 	C:\WINDOWS\system32\d3d9.dll
0x00007ffac3e80000 - 0x00007ffac3f6e000 	C:\WINDOWS\System32\DriverStore\FileRepository\nv_dispi.inf_amd64_e59b844303b9907e\nvldumdx.dll
0x00007ffac9700000 - 0x00007ffac98e2000 	C:\WINDOWS\System32\crypt32.dll
0x00007ffac8c10000 - 0x00007ffac8c22000 	C:\WINDOWS\System32\MSASN1.dll
0x00007ffac95a0000 - 0x00007ffac95f7000 	C:\WINDOWS\System32\WINTRUST.DLL
0x00007ffaca920000 - 0x00007ffaca93d000 	C:\WINDOWS\System32\imagehlp.dll
0x00007ffac85f0000 - 0x00007ffac8607000 	C:\WINDOWS\SYSTEM32\CRYPTSP.dll
0x00007ffac8010000 - 0x00007ffac8043000 	C:\WINDOWS\system32\rsaenh.dll
0x00007ffac8710000 - 0x00007ffac8735000 	C:\WINDOWS\SYSTEM32\bcrypt.dll
0x00007ffac85e0000 - 0x00007ffac85eb000 	C:\WINDOWS\SYSTEM32\CRYPTBASE.dll
0x00007ffa88630000 - 0x00007ffa89a17000 	C:\WINDOWS\System32\DriverStore\FileRepository\nv_dispi.inf_amd64_e59b844303b9907e\nvd3dumx.dll
0x00007ffac13f0000 - 0x00007ffac14b4000 	C:\Program Files (x86)\NVIDIA Corporation\3D Vision\nvSCPAPI64.dll
0x00007ffacbee0000 - 0x00007ffacc32b000 	C:\WINDOWS\System32\SETUPAPI.dll
0x00007ffa9cd20000 - 0x00007ffa9cfe6000 	C:\WINDOWS\system32\nvspcap64.dll
0x00007ffac7ca0000 - 0x00007ffac7cd1000 	C:\WINDOWS\SYSTEM32\ntmarta.dll
0x00007ffac78f0000 - 0x00007ffac7912000 	C:\WINDOWS\SYSTEM32\gpapi.dll
0x00007ffac0150000 - 0x00007ffac017e000 	C:\WINDOWS\SYSTEM32\cryptnet.dll
0x000000005f320000 - 0x000000005f367000 	C:\Program Files\Java\jdk1.8.0_131\jre\bin\fontmanager.dll
0x00007ffac3cb0000 - 0x00007ffac3d46000 	C:\WINDOWS\System32\TextInputFramework.dll
0x00007ffac6c80000 - 0x00007ffac6d5a000 	C:\WINDOWS\System32\CoreMessaging.dll
0x00007ffac4800000 - 0x00007ffac4b1e000 	C:\WINDOWS\System32\CoreUIComponents.dll
0x000000005f2d0000 - 0x000000005f312000 	C:\Program Files\Java\jdk1.8.0_131\jre\bin\t2k.dll
0x00007ffab7f90000 - 0x00007ffab8159000 	C:\WINDOWS\SYSTEM32\dbghelp.dll

VM Arguments:
jvm_args: -Xms1024M -Xmx3072M -Dfile.encoding=Cp1252 
java_command: nl.fl.main.MainFL
java_class_path (initial): C:\Users\Gebruiker\JavaGamesWorkspace\FlashLight\bin;C:\Users\Gebruiker\JavaGamesWorkspace\FlashLight\libraries\lwjgl\lwjgl-natives-linux.jar;C:\Users\Gebruiker\JavaGamesWorkspace\FlashLight\libraries\lwjgl\lwjgl-natives-macos.jar;C:\Users\Gebruiker\JavaGamesWorkspace\FlashLight\libraries\lwjgl\lwjgl-natives-windows.jar;C:\Users\Gebruiker\JavaGamesWorkspace\FlashLight\libraries\lwjgl\lwjgl.jar;C:\Users\Gebruiker\JavaGamesWorkspace\FlashLight\libraries\lwjgl-openal\lwjgl-openal-natives-linux.jar;C:\Users\Gebruiker\JavaGamesWorkspace\FlashLight\libraries\lwjgl-openal\lwjgl-openal-natives-macos.jar;C:\Users\Gebruiker\JavaGamesWorkspace\FlashLight\libraries\lwjgl-openal\lwjgl-openal-natives-windows.jar;C:\Users\Gebruiker\JavaGamesWorkspace\FlashLight\libraries\lwjgl-openal\lwjgl-openal.jar;C:\Users\Gebruiker\JavaGamesWorkspace\FlashLight\libraries\slickutils\slick-util.jar
Launcher Type: SUN_STANDARD

Environment Variables:
PATH=C:/Program Files/Java/jdk1.8.0_131/bin/../jre/bin/server;C:/Program Files/Java/jdk1.8.0_131/bin/../jre/bin;C:/Program Files/Java/jdk1.8.0_131/bin/../jre/lib/amd64;C:\Program Files\Java\jdk1.8.0_131\bin;C:\Program Files (x86)\Intel\iCLS Client\;C:\Program Files\Intel\iCLS Client\;C:\WINDOWS\system32;C:\WINDOWS;C:\WINDOWS\System32\Wbem;C:\WINDOWS\System32\WindowsPowerShell\v1.0\;C:\Program Files (x86)\Intel\Intel(R) Management Engine Components\DAL;C:\Program Files\Intel\Intel(R) Management Engine Components\DAL;C:\Program Files (x86)\Intel\Intel(R) Management Engine Components\IPT;C:\Program Files\Intel\Intel(R) Management Engine Components\IPT;C:\Program Files (x86)\NVIDIA Corporation\PhysX\Common;C:\WINDOWS\system32;C:\WINDOWS;C:\WINDOWS\System32\Wbem;C:\WINDOWS\System32\WindowsPowerShell\v1.0\;C:\WINDOWS\System32\OpenSSH\;C:\Users\Gebruiker\Desktop\Software\Programmeren\Python;C:\Users\Gebruiker\Desktop\Software\Programmeren\Python\Scripts;;C:\Program Files\NVIDIA Corporation\NVIDIA NvDLISR;C:\Users\Gebruiker\AppData\Local\Microsoft\WindowsApps;;C:\Users\Gebruiker\Desktop;
USERNAME=Gebruiker
OS=Windows_NT
PROCESSOR_IDENTIFIER=Intel64 Family 6 Model 158 Stepping 9, GenuineIntel



---------------  S Y S T E M  ---------------

OS: Windows 10.0 , 64 bit Build 17134 (10.0.17134.1)

CPU:total 4 (initial active 4) (4 cores per cpu, 1 threads per core) family 6 model 158 stepping 9, cmov, cx8, fxsr, mmx, sse, sse2, sse3, ssse3, sse4.1, sse4.2, popcnt, avx, avx2, aes, clmul, erms, 3dnowpref, lzcnt, tsc, tscinvbit, bmi1, bmi2, adx

Memory: 4k page, physical 16739520k(12311808k free), swap 19229888k(12549788k free)

vm_info: Java HotSpot(TM) 64-Bit Server VM (25.131-b11) for windows-amd64 JRE (1.8.0_131-b11), built on Mar 15 2017 01:23:53 by "java_re" with MS VC++ 10.0 (VS2010)

time: Sun Dec 02 21:19:40 2018
elapsed time: 11 seconds (0d 0h 0m 11s)

